Found configuration in /Users/vbm/DetectTest/11.2/rush/samplRushProject/rush.json

Legend: production dependency, optional only, dev only

my-app@1.0.0 /Users/vbm/DetectTest/11.2/rush/samplRushProject/apps/my-app

dependencies:
lodash 4.17.21

devDependencies:
eslint 9.39.2
├─┬ @eslint-community/eslint-utils 4.9.1
│ ├── eslint 9.39.2 peer
│ └── eslint-visitor-keys 3.4.3
├── @eslint-community/regexpp 4.12.2
├─┬ @eslint/config-array 0.21.1
│ ├── @eslint/object-schema 2.1.7
│ ├─┬ debug 4.4.3
│ │ └── ms 2.1.3
│ └─┬ minimatch 3.1.2
│   └─┬ brace-expansion 1.1.12
│     ├── balanced-match 1.0.2
│     └── concat-map 0.0.1
├─┬ @eslint/config-helpers 0.4.2
│ └─┬ @eslint/core 0.17.0
│   └── @types/json-schema 7.0.15
├─┬ @eslint/core 0.17.0
│ └── @types/json-schema 7.0.15
├─┬ @eslint/eslintrc 3.3.3
│ ├─┬ ajv 6.12.6
│ │ ├── fast-deep-equal 3.1.3
│ │ ├── fast-json-stable-stringify 2.1.0
│ │ ├── json-schema-traverse 0.4.1
│ │ └─┬ uri-js 4.4.1
│ │   └── punycode 2.3.1
│ ├─┬ debug 4.4.3
│ │ └── ms 2.1.3
│ ├─┬ espree 10.4.0
│ │ ├── acorn 8.15.0
│ │ ├─┬ acorn-jsx 5.3.2
│ │ │ └── acorn 8.15.0 peer
│ │ └── eslint-visitor-keys 4.2.1
│ ├── globals 14.0.0
│ ├── ignore 5.3.2
│ ├─┬ import-fresh 3.3.1
│ │ ├─┬ parent-module 1.0.1
│ │ │ └── callsites 3.1.0
│ │ └── resolve-from 4.0.0
│ ├─┬ js-yaml 4.1.1
│ │ └── argparse 2.0.1
│ ├─┬ minimatch 3.1.2
│ │ └─┬ brace-expansion 1.1.12
│ │   ├── balanced-match 1.0.2
│ │   └── concat-map 0.0.1
│ └── strip-json-comments 3.1.1
├── @eslint/js 9.39.2
├─┬ @eslint/plugin-kit 0.4.1
│ ├─┬ @eslint/core 0.17.0
│ │ └── @types/json-schema 7.0.15
│ └─┬ levn 0.4.1
│   ├── prelude-ls 1.2.1
│   └─┬ type-check 0.4.0
│     └── prelude-ls 1.2.1
├─┬ @humanfs/node 0.16.7
│ ├── @humanfs/core 0.19.1
│ └── @humanwhocodes/retry 0.4.3
├── @humanwhocodes/module-importer 1.0.1
├── @humanwhocodes/retry 0.4.3
├── @types/estree 1.0.8
├─┬ ajv 6.12.6
│ ├── fast-deep-equal 3.1.3
│ ├── fast-json-stable-stringify 2.1.0
│ ├── json-schema-traverse 0.4.1
│ └─┬ uri-js 4.4.1
│   └── punycode 2.3.1
├─┬ chalk 4.1.2
│ ├─┬ ansi-styles 4.3.0
│ │ └─┬ color-convert 2.0.1
│ │   └── color-name 1.1.4
│ └─┬ supports-color 7.2.0
│   └── has-flag 4.0.0
├─┬ cross-spawn 7.0.6
│ ├── path-key 3.1.1
│ ├─┬ shebang-command 2.0.0
│ │ └── shebang-regex 3.0.0
│ └─┬ which 2.0.2
│   └── isexe 2.0.0
├─┬ debug 4.4.3
│ └── ms 2.1.3
├── escape-string-regexp 4.0.0
├─┬ eslint-scope 8.4.0
│ ├─┬ esrecurse 4.3.0
│ │ └── estraverse 5.3.0
│ └── estraverse 5.3.0
├── eslint-visitor-keys 4.2.1
├─┬ espree 10.4.0
│ ├── acorn 8.15.0
│ ├─┬ acorn-jsx 5.3.2
│ │ └── acorn 8.15.0 peer
│ └── eslint-visitor-keys 4.2.1
├─┬ esquery 1.7.0
│ └── estraverse 5.3.0
├── esutils 2.0.3
├── fast-deep-equal 3.1.3
├─┬ file-entry-cache 8.0.0
│ └─┬ flat-cache 4.0.1
│   ├── flatted 3.3.3
│   └─┬ keyv 4.5.4
│     └── json-buffer 3.0.1
├─┬ find-up 5.0.0
│ ├─┬ locate-path 6.0.0
│ │ └─┬ p-locate 5.0.0
│ │   └─┬ p-limit 3.1.0
│ │     └── yocto-queue 0.1.0
│ └── path-exists 4.0.0
├─┬ glob-parent 6.0.2
│ └─┬ is-glob 4.0.3
│   └── is-extglob 2.1.1
├── ignore 5.3.2
├── imurmurhash 0.1.4
├─┬ is-glob 4.0.3
│ └── is-extglob 2.1.1
├── json-stable-stringify-without-jsonify 1.0.1
├── lodash.merge 4.6.2
├─┬ minimatch 3.1.2
│ └─┬ brace-expansion 1.1.12
│   ├── balanced-match 1.0.2
│   └── concat-map 0.0.1
├── natural-compare 1.4.0
└─┬ optionator 0.9.4
  ├── deep-is 0.1.4
  ├── fast-levenshtein 2.0.6
  ├─┬ levn 0.4.1
  │ ├── prelude-ls 1.2.1
  │ └─┬ type-check 0.4.0
  │   └── prelude-ls 1.2.1
  ├── prelude-ls 1.2.1
  ├─┬ type-check 0.4.0
  │ └── prelude-ls 1.2.1
  └── word-wrap 1.2.5
prettier 2.8.8

optionalDependencies:
sharp 0.34.5
├── @img/colour 1.0.0
├─┬ @img/sharp-darwin-arm64 0.34.5
│ └── @img/sharp-libvips-darwin-arm64 1.2.4
├─┬ @img/sharp-darwin-x64 0.34.5
│ └── @img/sharp-libvips-darwin-x64 1.2.4
├── @img/sharp-libvips-darwin-arm64 1.2.4
├── @img/sharp-libvips-darwin-x64 1.2.4
├── @img/sharp-libvips-linux-arm 1.2.4
├── @img/sharp-libvips-linux-arm64 1.2.4
├── @img/sharp-libvips-linux-ppc64 1.2.4
├── @img/sharp-libvips-linux-riscv64 1.2.4
├── @img/sharp-libvips-linux-s390x 1.2.4
├── @img/sharp-libvips-linux-x64 1.2.4
├── @img/sharp-libvips-linuxmusl-arm64 1.2.4
├── @img/sharp-libvips-linuxmusl-x64 1.2.4
├─┬ @img/sharp-linux-arm 0.34.5
│ └── @img/sharp-libvips-linux-arm 1.2.4
├─┬ @img/sharp-linux-arm64 0.34.5
│ └── @img/sharp-libvips-linux-arm64 1.2.4
├─┬ @img/sharp-linux-ppc64 0.34.5
│ └── @img/sharp-libvips-linux-ppc64 1.2.4
├─┬ @img/sharp-linux-riscv64 0.34.5
│ └── @img/sharp-libvips-linux-riscv64 1.2.4
├─┬ @img/sharp-linux-s390x 0.34.5
│ └── @img/sharp-libvips-linux-s390x 1.2.4
├─┬ @img/sharp-linux-x64 0.34.5
│ └── @img/sharp-libvips-linux-x64 1.2.4
├─┬ @img/sharp-linuxmusl-arm64 0.34.5
│ └── @img/sharp-libvips-linuxmusl-arm64 1.2.4
├─┬ @img/sharp-linuxmusl-x64 0.34.5
│ └── @img/sharp-libvips-linuxmusl-x64 1.2.4
├─┬ @img/sharp-wasm32 0.34.5
│ └─┬ @emnapi/runtime 1.8.1
│   └── tslib 2.8.1
├── @img/sharp-win32-arm64 0.34.5
├── @img/sharp-win32-ia32 0.34.5
├── @img/sharp-win32-x64 0.34.5
├── detect-libc 2.1.2
└── semver 7.7.3

new-app@1.0.0 /Users/vbm/DetectTest/11.2/rush/samplRushProject/apps/new-app

dependencies:
is-positive 3.1.0

optionalDependencies:
mssql 7.1.0
├── @tediousjs/connection-string 0.3.0
├─┬ debug 4.4.3
│ └── ms 2.1.3
├── rfdc 1.4.1
├── tarn 3.0.2
└─┬ tedious 11.8.0
  ├─┬ @azure/identity 1.5.2
  │ ├─┬ @azure/core-auth 1.10.1
  │ │ ├─┬ @azure/abort-controller 2.1.2
  │ │ │ └── tslib 2.8.1
  │ │ ├─┬ @azure/core-util 1.13.1
  │ │ │ ├─┬ @azure/abort-controller 2.1.2
  │ │ │ │ └── tslib 2.8.1
  │ │ │ ├─┬ @typespec/ts-http-runtime 0.3.2
  │ │ │ │ ├─┬ http-proxy-agent 7.0.2
  │ │ │ │ │ ├── agent-base 7.1.4
  │ │ │ │ │ └─┬ debug 4.4.3
  │ │ │ │ │   └── ms 2.1.3
  │ │ │ │ ├─┬ https-proxy-agent 7.0.6
  │ │ │ │ │ ├── agent-base 7.1.4
  │ │ │ │ │ └─┬ debug 4.4.3
  │ │ │ │ │   └── ms 2.1.3
  │ │ │ │ └── tslib 2.8.1
  │ │ │ └── tslib 2.8.1
  │ │ └── tslib 2.8.1
  │ ├─┬ @azure/core-client 1.10.1
  │ │ ├─┬ @azure/abort-controller 2.1.2
  │ │ │ └── tslib 2.8.1
  │ │ ├─┬ @azure/core-auth 1.10.1
  │ │ │ ├─┬ @azure/abort-controller 2.1.2
  │ │ │ │ └── tslib 2.8.1
  │ │ │ ├─┬ @azure/core-util 1.13.1
  │ │ │ │ ├─┬ @azure/abort-controller 2.1.2
  │ │ │ │ │ └── tslib 2.8.1
  │ │ │ │ ├─┬ @typespec/ts-http-runtime 0.3.2
  │ │ │ │ │ ├─┬ http-proxy-agent 7.0.2
  │ │ │ │ │ │ ├── agent-base 7.1.4
  │ │ │ │ │ │ └─┬ debug 4.4.3
  │ │ │ │ │ │   └── ms 2.1.3
  │ │ │ │ │ ├─┬ https-proxy-agent 7.0.6
  │ │ │ │ │ │ ├── agent-base 7.1.4
  │ │ │ │ │ │ └─┬ debug 4.4.3
  │ │ │ │ │ │   └── ms 2.1.3
  │ │ │ │ │ └── tslib 2.8.1
  │ │ │ │ └── tslib 2.8.1
  │ │ │ └── tslib 2.8.1
  │ │ ├─┬ @azure/core-rest-pipeline 1.22.2
  │ │ │ ├─┬ @azure/abort-controller 2.1.2
  │ │ │ │ └── tslib 2.8.1
  │ │ │ ├─┬ @azure/core-auth 1.10.1
  │ │ │ │ ├─┬ @azure/abort-controller 2.1.2
  │ │ │ │ │ └── tslib 2.8.1
  │ │ │ │ ├─┬ @azure/core-util 1.13.1
  │ │ │ │ │ ├─┬ @azure/abort-controller 2.1.2
  │ │ │ │ │ │ └── tslib 2.8.1
  │ │ │ │ │ ├─┬ @typespec/ts-http-runtime 0.3.2
  │ │ │ │ │ │ ├─┬ http-proxy-agent 7.0.2
  │ │ │ │ │ │ │ ├── agent-base 7.1.4
  │ │ │ │ │ │ │ └─┬ debug 4.4.3
  │ │ │ │ │ │ │   └── ms 2.1.3
  │ │ │ │ │ │ ├─┬ https-proxy-agent 7.0.6
  │ │ │ │ │ │ │ ├── agent-base 7.1.4
  │ │ │ │ │ │ │ └─┬ debug 4.4.3
  │ │ │ │ │ │ │   └── ms 2.1.3
  │ │ │ │ │ │ └── tslib 2.8.1
  │ │ │ │ │ └── tslib 2.8.1
  │ │ │ │ └── tslib 2.8.1
  │ │ │ ├─┬ @azure/core-tracing 1.3.1
  │ │ │ │ └── tslib 2.8.1
  │ │ │ ├─┬ @azure/core-util 1.13.1
  │ │ │ │ ├─┬ @azure/abort-controller 2.1.2
  │ │ │ │ │ └── tslib 2.8.1
  │ │ │ │ ├─┬ @typespec/ts-http-runtime 0.3.2
  │ │ │ │ │ ├─┬ http-proxy-agent 7.0.2
  │ │ │ │ │ │ ├── agent-base 7.1.4
  │ │ │ │ │ │ └─┬ debug 4.4.3
  │ │ │ │ │ │   └── ms 2.1.3
  │ │ │ │ │ ├─┬ https-proxy-agent 7.0.6
  │ │ │ │ │ │ ├── agent-base 7.1.4
  │ │ │ │ │ │ └─┬ debug 4.4.3
  │ │ │ │ │ │   └── ms 2.1.3
  │ │ │ │ │ └── tslib 2.8.1
  │ │ │ │ └── tslib 2.8.1
  │ │ │ ├─┬ @azure/logger 1.3.0
  │ │ │ │ ├─┬ @typespec/ts-http-runtime 0.3.2
  │ │ │ │ │ ├─┬ http-proxy-agent 7.0.2
  │ │ │ │ │ │ ├── agent-base 7.1.4
  │ │ │ │ │ │ └─┬ debug 4.4.3
  │ │ │ │ │ │   └── ms 2.1.3
  │ │ │ │ │ ├─┬ https-proxy-agent 7.0.6
  │ │ │ │ │ │ ├── agent-base 7.1.4
  │ │ │ │ │ │ └─┬ debug 4.4.3
  │ │ │ │ │ │   └── ms 2.1.3
  │ │ │ │ │ └── tslib 2.8.1
  │ │ │ │ └── tslib 2.8.1
  │ │ │ ├─┬ @typespec/ts-http-runtime 0.3.2
  │ │ │ │ ├─┬ http-proxy-agent 7.0.2
  │ │ │ │ │ ├── agent-base 7.1.4
  │ │ │ │ │ └─┬ debug 4.4.3
  │ │ │ │ │   └── ms 2.1.3
  │ │ │ │ ├─┬ https-proxy-agent 7.0.6
  │ │ │ │ │ ├── agent-base 7.1.4
  │ │ │ │ │ └─┬ debug 4.4.3
  │ │ │ │ │   └── ms 2.1.3
  │ │ │ │ └── tslib 2.8.1
  │ │ │ └── tslib 2.8.1
  │ │ ├─┬ @azure/core-tracing 1.3.1
  │ │ │ └── tslib 2.8.1
  │ │ ├─┬ @azure/core-util 1.13.1
  │ │ │ ├─┬ @azure/abort-controller 2.1.2
  │ │ │ │ └── tslib 2.8.1
  │ │ │ ├─┬ @typespec/ts-http-runtime 0.3.2
  │ │ │ │ ├─┬ http-proxy-agent 7.0.2
  │ │ │ │ │ ├── agent-base 7.1.4
  │ │ │ │ │ └─┬ debug 4.4.3
  │ │ │ │ │   └── ms 2.1.3
  │ │ │ │ ├─┬ https-proxy-agent 7.0.6
  │ │ │ │ │ ├── agent-base 7.1.4
  │ │ │ │ │ └─┬ debug 4.4.3
  │ │ │ │ │   └── ms 2.1.3
  │ │ │ │ └── tslib 2.8.1
  │ │ │ └── tslib 2.8.1
  │ │ ├─┬ @azure/logger 1.3.0
  │ │ │ ├─┬ @typespec/ts-http-runtime 0.3.2
  │ │ │ │ ├─┬ http-proxy-agent 7.0.2
  │ │ │ │ │ ├── agent-base 7.1.4
  │ │ │ │ │ └─┬ debug 4.4.3
  │ │ │ │ │   └── ms 2.1.3
  │ │ │ │ ├─┬ https-proxy-agent 7.0.6
  │ │ │ │ │ ├── agent-base 7.1.4
  │ │ │ │ │ └─┬ debug 4.4.3
  │ │ │ │ │   └── ms 2.1.3
  │ │ │ │ └── tslib 2.8.1
  │ │ │ └── tslib 2.8.1
  │ │ └── tslib 2.8.1
  │ ├─┬ @azure/core-rest-pipeline 1.22.2
  │ │ ├─┬ @azure/abort-controller 2.1.2
  │ │ │ └── tslib 2.8.1
  │ │ ├─┬ @azure/core-auth 1.10.1
  │ │ │ ├─┬ @azure/abort-controller 2.1.2
  │ │ │ │ └── tslib 2.8.1
  │ │ │ ├─┬ @azure/core-util 1.13.1
  │ │ │ │ ├─┬ @azure/abort-controller 2.1.2
  │ │ │ │ │ └── tslib 2.8.1
  │ │ │ │ ├─┬ @typespec/ts-http-runtime 0.3.2
  │ │ │ │ │ ├─┬ http-proxy-agent 7.0.2
  │ │ │ │ │ │ ├── agent-base 7.1.4
  │ │ │ │ │ │ └─┬ debug 4.4.3
  │ │ │ │ │ │   └── ms 2.1.3
  │ │ │ │ │ ├─┬ https-proxy-agent 7.0.6
  │ │ │ │ │ │ ├── agent-base 7.1.4
  │ │ │ │ │ │ └─┬ debug 4.4.3
  │ │ │ │ │ │   └── ms 2.1.3
  │ │ │ │ │ └── tslib 2.8.1
  │ │ │ │ └── tslib 2.8.1
  │ │ │ └── tslib 2.8.1
  │ │ ├─┬ @azure/core-tracing 1.3.1
  │ │ │ └── tslib 2.8.1
  │ │ ├─┬ @azure/core-util 1.13.1
  │ │ │ ├─┬ @azure/abort-controller 2.1.2
  │ │ │ │ └── tslib 2.8.1
  │ │ │ ├─┬ @typespec/ts-http-runtime 0.3.2
  │ │ │ │ ├─┬ http-proxy-agent 7.0.2
  │ │ │ │ │ ├── agent-base 7.1.4
  │ │ │ │ │ └─┬ debug 4.4.3
  │ │ │ │ │   └── ms 2.1.3
  │ │ │ │ ├─┬ https-proxy-agent 7.0.6
  │ │ │ │ │ ├── agent-base 7.1.4
  │ │ │ │ │ └─┬ debug 4.4.3
  │ │ │ │ │   └── ms 2.1.3
  │ │ │ │ └── tslib 2.8.1
  │ │ │ └── tslib 2.8.1
  │ │ ├─┬ @azure/logger 1.3.0
  │ │ │ ├─┬ @typespec/ts-http-runtime 0.3.2
  │ │ │ │ ├─┬ http-proxy-agent 7.0.2
  │ │ │ │ │ ├── agent-base 7.1.4
  │ │ │ │ │ └─┬ debug 4.4.3
  │ │ │ │ │   └── ms 2.1.3
  │ │ │ │ ├─┬ https-proxy-agent 7.0.6
  │ │ │ │ │ ├── agent-base 7.1.4
  │ │ │ │ │ └─┬ debug 4.4.3
  │ │ │ │ │   └── ms 2.1.3
  │ │ │ │ └── tslib 2.8.1
  │ │ │ └── tslib 2.8.1
  │ │ ├─┬ @typespec/ts-http-runtime 0.3.2
  │ │ │ ├─┬ http-proxy-agent 7.0.2
  │ │ │ │ ├── agent-base 7.1.4
  │ │ │ │ └─┬ debug 4.4.3
  │ │ │ │   └── ms 2.1.3
  │ │ │ ├─┬ https-proxy-agent 7.0.6
  │ │ │ │ ├── agent-base 7.1.4
  │ │ │ │ └─┬ debug 4.4.3
  │ │ │ │   └── ms 2.1.3
  │ │ │ └── tslib 2.8.1
  │ │ └── tslib 2.8.1
  │ ├─┬ @azure/core-tracing 1.0.0-preview.12
  │ │ ├── @opentelemetry/api 1.9.0
  │ │ └── tslib 2.8.1
  │ ├─┬ @azure/logger 1.3.0
  │ │ ├─┬ @typespec/ts-http-runtime 0.3.2
  │ │ │ ├─┬ http-proxy-agent 7.0.2
  │ │ │ │ ├── agent-base 7.1.4
  │ │ │ │ └─┬ debug 4.4.3
  │ │ │ │   └── ms 2.1.3
  │ │ │ ├─┬ https-proxy-agent 7.0.6
  │ │ │ │ ├── agent-base 7.1.4
  │ │ │ │ └─┬ debug 4.4.3
  │ │ │ │   └── ms 2.1.3
  │ │ │ └── tslib 2.8.1
  │ │ └── tslib 2.8.1
  │ ├─┬ @azure/msal-node 1.0.0-beta.6
  │ │ ├─┬ @azure/msal-common 4.5.1
  │ │ │ └─┬ debug 4.4.3
  │ │ │   └── ms 2.1.3
  │ │ ├─┬ axios 0.21.4
  │ │ │ └─┬ follow-redirects 1.15.11
  │ │ │   └─┬ debug 4.4.3 peer
  │ │ │     └── ms 2.1.3
  │ │ ├─┬ jsonwebtoken 8.5.1
  │ │ │ ├─┬ jws 3.2.3
  │ │ │ │ ├─┬ jwa 1.4.2
  │ │ │ │ │ ├── buffer-equal-constant-time 1.0.1
  │ │ │ │ │ ├─┬ ecdsa-sig-formatter 1.0.11
  │ │ │ │ │ │ └── safe-buffer 5.2.1
  │ │ │ │ │ └── safe-buffer 5.2.1
  │ │ │ │ └── safe-buffer 5.2.1
  │ │ │ ├── lodash.includes 4.3.0
  │ │ │ ├── lodash.isboolean 3.0.3
  │ │ │ ├── lodash.isinteger 4.0.4
  │ │ │ ├── lodash.isnumber 3.0.3
  │ │ │ ├── lodash.isplainobject 4.0.6
  │ │ │ ├── lodash.isstring 4.0.1
  │ │ │ ├── lodash.once 4.1.1
  │ │ │ ├── ms 2.1.3
  │ │ │ └── semver 5.7.2
  │ │ └── uuid 8.3.2
  │ ├─┬ @types/stoppable 1.1.3
  │ │ └─┬ @types/node 25.0.10
  │ │   └── undici-types 7.16.0
  │ ├─┬ axios 0.21.4
  │ │ └─┬ follow-redirects 1.15.11
  │ │   └─┬ debug 4.4.3 peer
  │ │     └── ms 2.1.3
  │ ├── events 3.3.0
  │ ├─┬ jws 4.0.1
  │ │ ├─┬ jwa 2.0.1
  │ │ │ ├── buffer-equal-constant-time 1.0.1
  │ │ │ ├─┬ ecdsa-sig-formatter 1.0.11
  │ │ │ │ └── safe-buffer 5.2.1
  │ │ │ └── safe-buffer 5.2.1
  │ │ └── safe-buffer 5.2.1
  │ ├─┬ keytar 7.9.0
  │ │ ├── node-addon-api 4.3.0
  │ │ └─┬ prebuild-install 7.1.3
  │ │   ├── detect-libc 2.1.2
  │ │   ├── expand-template 2.0.3
  │ │   ├── github-from-package 0.0.0
  │ │   ├── minimist 1.2.8
  │ │   ├── mkdirp-classic 0.5.3
  │ │   ├── napi-build-utils 2.0.0
  │ │   ├─┬ node-abi 3.87.0
  │ │   │ └── semver 7.7.3
  │ │   ├─┬ pump 3.0.3
  │ │   │ ├─┬ end-of-stream 1.4.5
  │ │   │ │ └─┬ once 1.4.0
  │ │   │ │   └── wrappy 1.0.2
  │ │   │ └─┬ once 1.4.0
  │ │   │   └── wrappy 1.0.2
  │ │   ├─┬ rc 1.2.8
  │ │   │ ├── deep-extend 0.6.0
  │ │   │ ├── ini 1.3.8
  │ │   │ ├── minimist 1.2.8
  │ │   │ └── strip-json-comments 2.0.1
  │ │   ├─┬ simple-get 4.0.1
  │ │   │ ├─┬ decompress-response 6.0.0
  │ │   │ │ └── mimic-response 3.1.0
  │ │   │ ├─┬ once 1.4.0
  │ │   │ │ └── wrappy 1.0.2
  │ │   │ └── simple-concat 1.0.1
  │ │   ├─┬ tar-fs 2.1.4
  │ │   │ ├── chownr 1.1.4
  │ │   │ ├── mkdirp-classic 0.5.3
  │ │   │ ├─┬ pump 3.0.3
  │ │   │ │ ├─┬ end-of-stream 1.4.5
  │ │   │ │ │ └─┬ once 1.4.0
  │ │   │ │ │   └── wrappy 1.0.2
  │ │   │ │ └─┬ once 1.4.0
  │ │   │ │   └── wrappy 1.0.2
  │ │   │ └─┬ tar-stream 2.2.0
  │ │   │   ├─┬ bl 4.1.0
  │ │   │   │ ├─┬ buffer 5.7.1
  │ │   │   │ │ ├── base64-js 1.5.1
  │ │   │   │ │ └── ieee754 1.2.1
  │ │   │   │ ├── inherits 2.0.4
  │ │   │   │ └─┬ readable-stream 3.6.2
  │ │   │   │   ├── inherits 2.0.4
  │ │   │   │   ├─┬ string_decoder 1.3.0
  │ │   │   │   │ └── safe-buffer 5.2.1
  │ │   │   │   └── util-deprecate 1.0.2
  │ │   │   ├─┬ end-of-stream 1.4.5
  │ │   │   │ └─┬ once 1.4.0
  │ │   │   │   └── wrappy 1.0.2
  │ │   │   ├── fs-constants 1.0.0
  │ │   │   ├── inherits 2.0.4
  │ │   │   └─┬ readable-stream 3.6.2
  │ │   │     ├── inherits 2.0.4
  │ │   │     ├─┬ string_decoder 1.3.0
  │ │   │     │ └── safe-buffer 5.2.1
  │ │   │     └── util-deprecate 1.0.2
  │ │   └─┬ tunnel-agent 0.6.0
  │ │     └── safe-buffer 5.2.1
  │ ├─┬ msal 1.4.18
  │ │ └── tslib 1.14.1
  │ ├─┬ open 7.4.2
  │ │ ├── is-docker 2.2.1
  │ │ └─┬ is-wsl 2.2.0
  │ │   └── is-docker 2.2.1
  │ ├─┬ qs 6.14.1
  │ │ └─┬ side-channel 1.1.0
  │ │   ├── es-errors 1.3.0
  │ │   ├── object-inspect 1.13.4
  │ │   ├─┬ side-channel-list 1.0.0
  │ │   │ ├── es-errors 1.3.0
  │ │   │ └── object-inspect 1.13.4
  │ │   ├─┬ side-channel-map 1.0.1
  │ │   │ ├─┬ call-bound 1.0.4
  │ │   │ │ ├─┬ call-bind-apply-helpers 1.0.2
  │ │   │ │ │ ├── es-errors 1.3.0
  │ │   │ │ │ └── function-bind 1.1.2
  │ │   │ │ └─┬ get-intrinsic 1.3.0
  │ │   │ │   ├─┬ call-bind-apply-helpers 1.0.2
  │ │   │ │   │ ├── es-errors 1.3.0
  │ │   │ │   │ └── function-bind 1.1.2
  │ │   │ │   ├── es-define-property 1.0.1
  │ │   │ │   ├── es-errors 1.3.0
  │ │   │ │   ├─┬ es-object-atoms 1.1.1
  │ │   │ │   │ └── es-errors 1.3.0
  │ │   │ │   ├── function-bind 1.1.2
  │ │   │ │   ├─┬ get-proto 1.0.1
  │ │   │ │   │ ├─┬ dunder-proto 1.0.1
  │ │   │ │   │ │ ├─┬ call-bind-apply-helpers 1.0.2
  │ │   │ │   │ │ │ ├── es-errors 1.3.0
  │ │   │ │   │ │ │ └── function-bind 1.1.2
  │ │   │ │   │ │ ├── es-errors 1.3.0
  │ │   │ │   │ │ └── gopd 1.2.0
  │ │   │ │   │ └─┬ es-object-atoms 1.1.1
  │ │   │ │   │   └── es-errors 1.3.0
  │ │   │ │   ├── gopd 1.2.0
  │ │   │ │   ├── has-symbols 1.1.0
  │ │   │ │   ├─┬ hasown 2.0.2
  │ │   │ │   │ └── function-bind 1.1.2
  │ │   │ │   └── math-intrinsics 1.1.0
  │ │   │ ├── es-errors 1.3.0
  │ │   │ ├─┬ get-intrinsic 1.3.0
  │ │   │ │ ├─┬ call-bind-apply-helpers 1.0.2
  │ │   │ │ │ ├── es-errors 1.3.0
  │ │   │ │ │ └── function-bind 1.1.2
  │ │   │ │ ├── es-define-property 1.0.1
  │ │   │ │ ├── es-errors 1.3.0
  │ │   │ │ ├─┬ es-object-atoms 1.1.1
  │ │   │ │ │ └── es-errors 1.3.0
  │ │   │ │ ├── function-bind 1.1.2
  │ │   │ │ ├─┬ get-proto 1.0.1
  │ │   │ │ │ ├─┬ dunder-proto 1.0.1
  │ │   │ │ │ │ ├─┬ call-bind-apply-helpers 1.0.2
  │ │   │ │ │ │ │ ├── es-errors 1.3.0
  │ │   │ │ │ │ │ └── function-bind 1.1.2
  │ │   │ │ │ │ ├── es-errors 1.3.0
  │ │   │ │ │ │ └── gopd 1.2.0
  │ │   │ │ │ └─┬ es-object-atoms 1.1.1
  │ │   │ │ │   └── es-errors 1.3.0
  │ │   │ │ ├── gopd 1.2.0
  │ │   │ │ ├── has-symbols 1.1.0
  │ │   │ │ ├─┬ hasown 2.0.2
  │ │   │ │ │ └── function-bind 1.1.2
  │ │   │ │ └── math-intrinsics 1.1.0
  │ │   │ └── object-inspect 1.13.4
  │ │   └─┬ side-channel-weakmap 1.0.2
  │ │     ├─┬ call-bound 1.0.4
  │ │     │ ├─┬ call-bind-apply-helpers 1.0.2
  │ │     │ │ ├── es-errors 1.3.0
  │ │     │ │ └── function-bind 1.1.2
  │ │     │ └─┬ get-intrinsic 1.3.0
  │ │     │   ├─┬ call-bind-apply-helpers 1.0.2
  │ │     │   │ ├── es-errors 1.3.0
  │ │     │   │ └── function-bind 1.1.2
  │ │     │   ├── es-define-property 1.0.1
  │ │     │   ├── es-errors 1.3.0
  │ │     │   ├─┬ es-object-atoms 1.1.1
  │ │     │   │ └── es-errors 1.3.0
  │ │     │   ├── function-bind 1.1.2
  │ │     │   ├─┬ get-proto 1.0.1
  │ │     │   │ ├─┬ dunder-proto 1.0.1
  │ │     │   │ │ ├─┬ call-bind-apply-helpers 1.0.2
  │ │     │   │ │ │ ├── es-errors 1.3.0
  │ │     │   │ │ │ └── function-bind 1.1.2
  │ │     │   │ │ ├── es-errors 1.3.0
  │ │     │   │ │ └── gopd 1.2.0
  │ │     │   │ └─┬ es-object-atoms 1.1.1
  │ │     │   │   └── es-errors 1.3.0
  │ │     │   ├── gopd 1.2.0
  │ │     │   ├── has-symbols 1.1.0
  │ │     │   ├─┬ hasown 2.0.2
  │ │     │   │ └── function-bind 1.1.2
  │ │     │   └── math-intrinsics 1.1.0
  │ │     ├── es-errors 1.3.0
  │ │     ├─┬ get-intrinsic 1.3.0
  │ │     │ ├─┬ call-bind-apply-helpers 1.0.2
  │ │     │ │ ├── es-errors 1.3.0
  │ │     │ │ └── function-bind 1.1.2
  │ │     │ ├── es-define-property 1.0.1
  │ │     │ ├── es-errors 1.3.0
  │ │     │ ├─┬ es-object-atoms 1.1.1
  │ │     │ │ └── es-errors 1.3.0
  │ │     │ ├── function-bind 1.1.2
  │ │     │ ├─┬ get-proto 1.0.1
  │ │     │ │ ├─┬ dunder-proto 1.0.1
  │ │     │ │ │ ├─┬ call-bind-apply-helpers 1.0.2
  │ │     │ │ │ │ ├── es-errors 1.3.0
  │ │     │ │ │ │ └── function-bind 1.1.2
  │ │     │ │ │ ├── es-errors 1.3.0
  │ │     │ │ │ └── gopd 1.2.0
  │ │     │ │ └─┬ es-object-atoms 1.1.1
  │ │     │ │   └── es-errors 1.3.0
  │ │     │ ├── gopd 1.2.0
  │ │     │ ├── has-symbols 1.1.0
  │ │     │ ├─┬ hasown 2.0.2
  │ │     │ │ └── function-bind 1.1.2
  │ │     │ └── math-intrinsics 1.1.0
  │ │     ├── object-inspect 1.13.4
  │ │     └─┬ side-channel-map 1.0.1
  │ │       ├─┬ call-bound 1.0.4
  │ │       │ ├─┬ call-bind-apply-helpers 1.0.2
  │ │       │ │ ├── es-errors 1.3.0
  │ │       │ │ └── function-bind 1.1.2
  │ │       │ └─┬ get-intrinsic 1.3.0
  │ │       │   ├─┬ call-bind-apply-helpers 1.0.2
  │ │       │   │ ├── es-errors 1.3.0
  │ │       │   │ └── function-bind 1.1.2
  │ │       │   ├── es-define-property 1.0.1
  │ │       │   ├── es-errors 1.3.0
  │ │       │   ├─┬ es-object-atoms 1.1.1
  │ │       │   │ └── es-errors 1.3.0
  │ │       │   ├── function-bind 1.1.2
  │ │       │   ├─┬ get-proto 1.0.1
  │ │       │   │ ├─┬ dunder-proto 1.0.1
  │ │       │   │ │ ├─┬ call-bind-apply-helpers 1.0.2
  │ │       │   │ │ │ ├── es-errors 1.3.0
  │ │       │   │ │ │ └── function-bind 1.1.2
  │ │       │   │ │ ├── es-errors 1.3.0
  │ │       │   │ │ └── gopd 1.2.0
  │ │       │   │ └─┬ es-object-atoms 1.1.1
  │ │       │   │   └── es-errors 1.3.0
  │ │       │   ├── gopd 1.2.0
  │ │       │   ├── has-symbols 1.1.0
  │ │       │   ├─┬ hasown 2.0.2
  │ │       │   │ └── function-bind 1.1.2
  │ │       │   └── math-intrinsics 1.1.0
  │ │       ├── es-errors 1.3.0
  │ │       ├─┬ get-intrinsic 1.3.0
  │ │       │ ├─┬ call-bind-apply-helpers 1.0.2
  │ │       │ │ ├── es-errors 1.3.0
  │ │       │ │ └── function-bind 1.1.2
  │ │       │ ├── es-define-property 1.0.1
  │ │       │ ├── es-errors 1.3.0
  │ │       │ ├─┬ es-object-atoms 1.1.1
  │ │       │ │ └── es-errors 1.3.0
  │ │       │ ├── function-bind 1.1.2
  │ │       │ ├─┬ get-proto 1.0.1
  │ │       │ │ ├─┬ dunder-proto 1.0.1
  │ │       │ │ │ ├─┬ call-bind-apply-helpers 1.0.2
  │ │       │ │ │ │ ├── es-errors 1.3.0
  │ │       │ │ │ │ └── function-bind 1.1.2
  │ │       │ │ │ ├── es-errors 1.3.0
  │ │       │ │ │ └── gopd 1.2.0
  │ │       │ │ └─┬ es-object-atoms 1.1.1
  │ │       │ │   └── es-errors 1.3.0
  │ │       │ ├── gopd 1.2.0
  │ │       │ ├── has-symbols 1.1.0
  │ │       │ ├─┬ hasown 2.0.2
  │ │       │ │ └── function-bind 1.1.2
  │ │       │ └── math-intrinsics 1.1.0
  │ │       └── object-inspect 1.13.4
  │ ├── stoppable 1.1.0
  │ ├── tslib 2.8.1
  │ └── uuid 8.3.2
  ├─┬ @azure/keyvault-keys 4.10.0
  │ ├─┬ @azure-rest/core-client 2.5.1
  │ │ ├─┬ @azure/abort-controller 2.1.2
  │ │ │ └── tslib 2.8.1
  │ │ ├─┬ @azure/core-auth 1.10.1
  │ │ │ ├─┬ @azure/abort-controller 2.1.2
  │ │ │ │ └── tslib 2.8.1
  │ │ │ ├─┬ @azure/core-util 1.13.1
  │ │ │ │ ├─┬ @azure/abort-controller 2.1.2
  │ │ │ │ │ └── tslib 2.8.1
  │ │ │ │ ├─┬ @typespec/ts-http-runtime 0.3.2
  │ │ │ │ │ ├─┬ http-proxy-agent 7.0.2
  │ │ │ │ │ │ ├── agent-base 7.1.4
  │ │ │ │ │ │ └─┬ debug 4.4.3
  │ │ │ │ │ │   └── ms 2.1.3
  │ │ │ │ │ ├─┬ https-proxy-agent 7.0.6
  │ │ │ │ │ │ ├── agent-base 7.1.4
  │ │ │ │ │ │ └─┬ debug 4.4.3
  │ │ │ │ │ │   └── ms 2.1.3
  │ │ │ │ │ └── tslib 2.8.1
  │ │ │ │ └── tslib 2.8.1
  │ │ │ └── tslib 2.8.1
  │ │ ├─┬ @azure/core-rest-pipeline 1.22.2
  │ │ │ ├─┬ @azure/abort-controller 2.1.2
  │ │ │ │ └── tslib 2.8.1
  │ │ │ ├─┬ @azure/core-auth 1.10.1
  │ │ │ │ ├─┬ @azure/abort-controller 2.1.2
  │ │ │ │ │ └── tslib 2.8.1
  │ │ │ │ ├─┬ @azure/core-util 1.13.1
  │ │ │ │ │ ├─┬ @azure/abort-controller 2.1.2
  │ │ │ │ │ │ └── tslib 2.8.1
  │ │ │ │ │ ├─┬ @typespec/ts-http-runtime 0.3.2
  │ │ │ │ │ │ ├─┬ http-proxy-agent 7.0.2
  │ │ │ │ │ │ │ ├── agent-base 7.1.4
  │ │ │ │ │ │ │ └─┬ debug 4.4.3
  │ │ │ │ │ │ │   └── ms 2.1.3
  │ │ │ │ │ │ ├─┬ https-proxy-agent 7.0.6
  │ │ │ │ │ │ │ ├── agent-base 7.1.4
  │ │ │ │ │ │ │ └─┬ debug 4.4.3
  │ │ │ │ │ │ │   └── ms 2.1.3
  │ │ │ │ │ │ └── tslib 2.8.1
  │ │ │ │ │ └── tslib 2.8.1
  │ │ │ │ └── tslib 2.8.1
  │ │ │ ├─┬ @azure/core-tracing 1.3.1
  │ │ │ │ └── tslib 2.8.1
  │ │ │ ├─┬ @azure/core-util 1.13.1
  │ │ │ │ ├─┬ @azure/abort-controller 2.1.2
  │ │ │ │ │ └── tslib 2.8.1
  │ │ │ │ ├─┬ @typespec/ts-http-runtime 0.3.2
  │ │ │ │ │ ├─┬ http-proxy-agent 7.0.2
  │ │ │ │ │ │ ├── agent-base 7.1.4
  │ │ │ │ │ │ └─┬ debug 4.4.3
  │ │ │ │ │ │   └── ms 2.1.3
  │ │ │ │ │ ├─┬ https-proxy-agent 7.0.6
  │ │ │ │ │ │ ├── agent-base 7.1.4
  │ │ │ │ │ │ └─┬ debug 4.4.3
  │ │ │ │ │ │   └── ms 2.1.3
  │ │ │ │ │ └── tslib 2.8.1
  │ │ │ │ └── tslib 2.8.1
  │ │ │ ├─┬ @azure/logger 1.3.0
  │ │ │ │ ├─┬ @typespec/ts-http-runtime 0.3.2
  │ │ │ │ │ ├─┬ http-proxy-agent 7.0.2
  │ │ │ │ │ │ ├── agent-base 7.1.4
  │ │ │ │ │ │ └─┬ debug 4.4.3
  │ │ │ │ │ │   └── ms 2.1.3
  │ │ │ │ │ ├─┬ https-proxy-agent 7.0.6
  │ │ │ │ │ │ ├── agent-base 7.1.4
  │ │ │ │ │ │ └─┬ debug 4.4.3
  │ │ │ │ │ │   └── ms 2.1.3
  │ │ │ │ │ └── tslib 2.8.1
  │ │ │ │ └── tslib 2.8.1
  │ │ │ ├─┬ @typespec/ts-http-runtime 0.3.2
  │ │ │ │ ├─┬ http-proxy-agent 7.0.2
  │ │ │ │ │ ├── agent-base 7.1.4
  │ │ │ │ │ └─┬ debug 4.4.3
  │ │ │ │ │   └── ms 2.1.3
  │ │ │ │ ├─┬ https-proxy-agent 7.0.6
  │ │ │ │ │ ├── agent-base 7.1.4
  │ │ │ │ │ └─┬ debug 4.4.3
  │ │ │ │ │   └── ms 2.1.3
  │ │ │ │ └── tslib 2.8.1
  │ │ │ └── tslib 2.8.1
  │ │ ├─┬ @azure/core-tracing 1.3.1
  │ │ │ └── tslib 2.8.1
  │ │ ├─┬ @typespec/ts-http-runtime 0.3.2
  │ │ │ ├─┬ http-proxy-agent 7.0.2
  │ │ │ │ ├── agent-base 7.1.4
  │ │ │ │ └─┬ debug 4.4.3
  │ │ │ │   └── ms 2.1.3
  │ │ │ ├─┬ https-proxy-agent 7.0.6
  │ │ │ │ ├── agent-base 7.1.4
  │ │ │ │ └─┬ debug 4.4.3
  │ │ │ │   └── ms 2.1.3
  │ │ │ └── tslib 2.8.1
  │ │ └── tslib 2.8.1
  │ ├─┬ @azure/abort-controller 2.1.2
  │ │ └── tslib 2.8.1
  │ ├─┬ @azure/core-auth 1.10.1
  │ │ ├─┬ @azure/abort-controller 2.1.2
  │ │ │ └── tslib 2.8.1
  │ │ ├─┬ @azure/core-util 1.13.1
  │ │ │ ├─┬ @azure/abort-controller 2.1.2
  │ │ │ │ └── tslib 2.8.1
  │ │ │ ├─┬ @typespec/ts-http-runtime 0.3.2
  │ │ │ │ ├─┬ http-proxy-agent 7.0.2
  │ │ │ │ │ ├── agent-base 7.1.4
  │ │ │ │ │ └─┬ debug 4.4.3
  │ │ │ │ │   └── ms 2.1.3
  │ │ │ │ ├─┬ https-proxy-agent 7.0.6
  │ │ │ │ │ ├── agent-base 7.1.4
  │ │ │ │ │ └─┬ debug 4.4.3
  │ │ │ │ │   └── ms 2.1.3
  │ │ │ │ └── tslib 2.8.1
  │ │ │ └── tslib 2.8.1
  │ │ └── tslib 2.8.1
  │ ├─┬ @azure/core-http-compat 2.3.1
  │ │ ├─┬ @azure/abort-controller 2.1.2
  │ │ │ └── tslib 2.8.1
  │ │ ├─┬ @azure/core-client 1.10.1
  │ │ │ ├─┬ @azure/abort-controller 2.1.2
  │ │ │ │ └── tslib 2.8.1
  │ │ │ ├─┬ @azure/core-auth 1.10.1
  │ │ │ │ ├─┬ @azure/abort-controller 2.1.2
  │ │ │ │ │ └── tslib 2.8.1
  │ │ │ │ ├─┬ @azure/core-util 1.13.1
  │ │ │ │ │ ├─┬ @azure/abort-controller 2.1.2
  │ │ │ │ │ │ └── tslib 2.8.1
  │ │ │ │ │ ├─┬ @typespec/ts-http-runtime 0.3.2
  │ │ │ │ │ │ ├─┬ http-proxy-agent 7.0.2
  │ │ │ │ │ │ │ ├── agent-base 7.1.4
  │ │ │ │ │ │ │ └─┬ debug 4.4.3
  │ │ │ │ │ │ │   └── ms 2.1.3
  │ │ │ │ │ │ ├─┬ https-proxy-agent 7.0.6
  │ │ │ │ │ │ │ ├── agent-base 7.1.4
  │ │ │ │ │ │ │ └─┬ debug 4.4.3
  │ │ │ │ │ │ │   └── ms 2.1.3
  │ │ │ │ │ │ └── tslib 2.8.1
  │ │ │ │ │ └── tslib 2.8.1
  │ │ │ │ └── tslib 2.8.1
  │ │ │ ├─┬ @azure/core-rest-pipeline 1.22.2
  │ │ │ │ ├─┬ @azure/abort-controller 2.1.2
  │ │ │ │ │ └── tslib 2.8.1
  │ │ │ │ ├─┬ @azure/core-auth 1.10.1
  │ │ │ │ │ ├─┬ @azure/abort-controller 2.1.2
  │ │ │ │ │ │ └── tslib 2.8.1
  │ │ │ │ │ ├─┬ @azure/core-util 1.13.1
  │ │ │ │ │ │ ├─┬ @azure/abort-controller 2.1.2
  │ │ │ │ │ │ │ └── tslib 2.8.1
  │ │ │ │ │ │ ├─┬ @typespec/ts-http-runtime 0.3.2
  │ │ │ │ │ │ │ ├─┬ http-proxy-agent 7.0.2
  │ │ │ │ │ │ │ │ ├── agent-base 7.1.4
  │ │ │ │ │ │ │ │ └─┬ debug 4.4.3
  │ │ │ │ │ │ │ │   └── ms 2.1.3
  │ │ │ │ │ │ │ ├─┬ https-proxy-agent 7.0.6
  │ │ │ │ │ │ │ │ ├── agent-base 7.1.4
  │ │ │ │ │ │ │ │ └─┬ debug 4.4.3
  │ │ │ │ │ │ │ │   └── ms 2.1.3
  │ │ │ │ │ │ │ └── tslib 2.8.1
  │ │ │ │ │ │ └── tslib 2.8.1
  │ │ │ │ │ └── tslib 2.8.1
  │ │ │ │ ├─┬ @azure/core-tracing 1.3.1
  │ │ │ │ │ └── tslib 2.8.1
  │ │ │ │ ├─┬ @azure/core-util 1.13.1
  │ │ │ │ │ ├─┬ @azure/abort-controller 2.1.2
  │ │ │ │ │ │ └── tslib 2.8.1
  │ │ │ │ │ ├─┬ @typespec/ts-http-runtime 0.3.2
  │ │ │ │ │ │ ├─┬ http-proxy-agent 7.0.2
  │ │ │ │ │ │ │ ├── agent-base 7.1.4
  │ │ │ │ │ │ │ └─┬ debug 4.4.3
  │ │ │ │ │ │ │   └── ms 2.1.3
  │ │ │ │ │ │ ├─┬ https-proxy-agent 7.0.6
  │ │ │ │ │ │ │ ├── agent-base 7.1.4
  │ │ │ │ │ │ │ └─┬ debug 4.4.3
  │ │ │ │ │ │ │   └── ms 2.1.3
  │ │ │ │ │ │ └── tslib 2.8.1
  │ │ │ │ │ └── tslib 2.8.1
  │ │ │ │ ├─┬ @azure/logger 1.3.0
  │ │ │ │ │ ├─┬ @typespec/ts-http-runtime 0.3.2
  │ │ │ │ │ │ ├─┬ http-proxy-agent 7.0.2
  │ │ │ │ │ │ │ ├── agent-base 7.1.4
  │ │ │ │ │ │ │ └─┬ debug 4.4.3
  │ │ │ │ │ │ │   └── ms 2.1.3
  │ │ │ │ │ │ ├─┬ https-proxy-agent 7.0.6
  │ │ │ │ │ │ │ ├── agent-base 7.1.4
  │ │ │ │ │ │ │ └─┬ debug 4.4.3
  │ │ │ │ │ │ │   └── ms 2.1.3
  │ │ │ │ │ │ └── tslib 2.8.1
  │ │ │ │ │ └── tslib 2.8.1
  │ │ │ │ ├─┬ @typespec/ts-http-runtime 0.3.2
  │ │ │ │ │ ├─┬ http-proxy-agent 7.0.2
  │ │ │ │ │ │ ├── agent-base 7.1.4
  │ │ │ │ │ │ └─┬ debug 4.4.3
  │ │ │ │ │ │   └── ms 2.1.3
  │ │ │ │ │ ├─┬ https-proxy-agent 7.0.6
  │ │ │ │ │ │ ├── agent-base 7.1.4
  │ │ │ │ │ │ └─┬ debug 4.4.3
  │ │ │ │ │ │   └── ms 2.1.3
  │ │ │ │ │ └── tslib 2.8.1
  │ │ │ │ └── tslib 2.8.1
  │ │ │ ├─┬ @azure/core-tracing 1.3.1
  │ │ │ │ └── tslib 2.8.1
  │ │ │ ├─┬ @azure/core-util 1.13.1
  │ │ │ │ ├─┬ @azure/abort-controller 2.1.2
  │ │ │ │ │ └── tslib 2.8.1
  │ │ │ │ ├─┬ @typespec/ts-http-runtime 0.3.2
  │ │ │ │ │ ├─┬ http-proxy-agent 7.0.2
  │ │ │ │ │ │ ├── agent-base 7.1.4
  │ │ │ │ │ │ └─┬ debug 4.4.3
  │ │ │ │ │ │   └── ms 2.1.3
  │ │ │ │ │ ├─┬ https-proxy-agent 7.0.6
  │ │ │ │ │ │ ├── agent-base 7.1.4
  │ │ │ │ │ │ └─┬ debug 4.4.3
  │ │ │ │ │ │   └── ms 2.1.3
  │ │ │ │ │ └── tslib 2.8.1
  │ │ │ │ └── tslib 2.8.1
  │ │ │ ├─┬ @azure/logger 1.3.0
  │ │ │ │ ├─┬ @typespec/ts-http-runtime 0.3.2
  │ │ │ │ │ ├─┬ http-proxy-agent 7.0.2
  │ │ │ │ │ │ ├── agent-base 7.1.4
  │ │ │ │ │ │ └─┬ debug 4.4.3
  │ │ │ │ │ │   └── ms 2.1.3
  │ │ │ │ │ ├─┬ https-proxy-agent 7.0.6
  │ │ │ │ │ │ ├── agent-base 7.1.4
  │ │ │ │ │ │ └─┬ debug 4.4.3
  │ │ │ │ │ │   └── ms 2.1.3
  │ │ │ │ │ └── tslib 2.8.1
  │ │ │ │ └── tslib 2.8.1
  │ │ │ └── tslib 2.8.1
  │ │ └─┬ @azure/core-rest-pipeline 1.22.2
  │ │   ├─┬ @azure/abort-controller 2.1.2
  │ │   │ └── tslib 2.8.1
  │ │   ├─┬ @azure/core-auth 1.10.1
  │ │   │ ├─┬ @azure/abort-controller 2.1.2
  │ │   │ │ └── tslib 2.8.1
  │ │   │ ├─┬ @azure/core-util 1.13.1
  │ │   │ │ ├─┬ @azure/abort-controller 2.1.2
  │ │   │ │ │ └── tslib 2.8.1
  │ │   │ │ ├─┬ @typespec/ts-http-runtime 0.3.2
  │ │   │ │ │ ├─┬ http-proxy-agent 7.0.2
  │ │   │ │ │ │ ├── agent-base 7.1.4
  │ │   │ │ │ │ └─┬ debug 4.4.3
  │ │   │ │ │ │   └── ms 2.1.3
  │ │   │ │ │ ├─┬ https-proxy-agent 7.0.6
  │ │   │ │ │ │ ├── agent-base 7.1.4
  │ │   │ │ │ │ └─┬ debug 4.4.3
  │ │   │ │ │ │   └── ms 2.1.3
  │ │   │ │ │ └── tslib 2.8.1
  │ │   │ │ └── tslib 2.8.1
  │ │   │ └── tslib 2.8.1
  │ │   ├─┬ @azure/core-tracing 1.3.1
  │ │   │ └── tslib 2.8.1
  │ │   ├─┬ @azure/core-util 1.13.1
  │ │   │ ├─┬ @azure/abort-controller 2.1.2
  │ │   │ │ └── tslib 2.8.1
  │ │   │ ├─┬ @typespec/ts-http-runtime 0.3.2
  │ │   │ │ ├─┬ http-proxy-agent 7.0.2
  │ │   │ │ │ ├── agent-base 7.1.4
  │ │   │ │ │ └─┬ debug 4.4.3
  │ │   │ │ │   └── ms 2.1.3
  │ │   │ │ ├─┬ https-proxy-agent 7.0.6
  │ │   │ │ │ ├── agent-base 7.1.4
  │ │   │ │ │ └─┬ debug 4.4.3
  │ │   │ │ │   └── ms 2.1.3
  │ │   │ │ └── tslib 2.8.1
  │ │   │ └── tslib 2.8.1
  │ │   ├─┬ @azure/logger 1.3.0
  │ │   │ ├─┬ @typespec/ts-http-runtime 0.3.2
  │ │   │ │ ├─┬ http-proxy-agent 7.0.2
  │ │   │ │ │ ├── agent-base 7.1.4
  │ │   │ │ │ └─┬ debug 4.4.3
  │ │   │ │ │   └── ms 2.1.3
  │ │   │ │ ├─┬ https-proxy-agent 7.0.6
  │ │   │ │ │ ├── agent-base 7.1.4
  │ │   │ │ │ └─┬ debug 4.4.3
  │ │   │ │ │   └── ms 2.1.3
  │ │   │ │ └── tslib 2.8.1
  │ │   │ └── tslib 2.8.1
  │ │   ├─┬ @typespec/ts-http-runtime 0.3.2
  │ │   │ ├─┬ http-proxy-agent 7.0.2
  │ │   │ │ ├── agent-base 7.1.4
  │ │   │ │ └─┬ debug 4.4.3
  │ │   │ │   └── ms 2.1.3
  │ │   │ ├─┬ https-proxy-agent 7.0.6
  │ │   │ │ ├── agent-base 7.1.4
  │ │   │ │ └─┬ debug 4.4.3
  │ │   │ │   └── ms 2.1.3
  │ │   │ └── tslib 2.8.1
  │ │   └── tslib 2.8.1
  │ ├─┬ @azure/core-lro 2.7.2
  │ │ ├─┬ @azure/abort-controller 2.1.2
  │ │ │ └── tslib 2.8.1
  │ │ ├─┬ @azure/core-util 1.13.1
  │ │ │ ├─┬ @azure/abort-controller 2.1.2
  │ │ │ │ └── tslib 2.8.1
  │ │ │ ├─┬ @typespec/ts-http-runtime 0.3.2
  │ │ │ │ ├─┬ http-proxy-agent 7.0.2
  │ │ │ │ │ ├── agent-base 7.1.4
  │ │ │ │ │ └─┬ debug 4.4.3
  │ │ │ │ │   └── ms 2.1.3
  │ │ │ │ ├─┬ https-proxy-agent 7.0.6
  │ │ │ │ │ ├── agent-base 7.1.4
  │ │ │ │ │ └─┬ debug 4.4.3
  │ │ │ │ │   └── ms 2.1.3
  │ │ │ │ └── tslib 2.8.1
  │ │ │ └── tslib 2.8.1
  │ │ ├─┬ @azure/logger 1.3.0
  │ │ │ ├─┬ @typespec/ts-http-runtime 0.3.2
  │ │ │ │ ├─┬ http-proxy-agent 7.0.2
  │ │ │ │ │ ├── agent-base 7.1.4
  │ │ │ │ │ └─┬ debug 4.4.3
  │ │ │ │ │   └── ms 2.1.3
  │ │ │ │ ├─┬ https-proxy-agent 7.0.6
  │ │ │ │ │ ├── agent-base 7.1.4
  │ │ │ │ │ └─┬ debug 4.4.3
  │ │ │ │ │   └── ms 2.1.3
  │ │ │ │ └── tslib 2.8.1
  │ │ │ └── tslib 2.8.1
  │ │ └── tslib 2.8.1
  │ ├─┬ @azure/core-paging 1.6.2
  │ │ └── tslib 2.8.1
  │ ├─┬ @azure/core-rest-pipeline 1.22.2
  │ │ ├─┬ @azure/abort-controller 2.1.2
  │ │ │ └── tslib 2.8.1
  │ │ ├─┬ @azure/core-auth 1.10.1
  │ │ │ ├─┬ @azure/abort-controller 2.1.2
  │ │ │ │ └── tslib 2.8.1
  │ │ │ ├─┬ @azure/core-util 1.13.1
  │ │ │ │ ├─┬ @azure/abort-controller 2.1.2
  │ │ │ │ │ └── tslib 2.8.1
  │ │ │ │ ├─┬ @typespec/ts-http-runtime 0.3.2
  │ │ │ │ │ ├─┬ http-proxy-agent 7.0.2
  │ │ │ │ │ │ ├── agent-base 7.1.4
  │ │ │ │ │ │ └─┬ debug 4.4.3
  │ │ │ │ │ │   └── ms 2.1.3
  │ │ │ │ │ ├─┬ https-proxy-agent 7.0.6
  │ │ │ │ │ │ ├── agent-base 7.1.4
  │ │ │ │ │ │ └─┬ debug 4.4.3
  │ │ │ │ │ │   └── ms 2.1.3
  │ │ │ │ │ └── tslib 2.8.1
  │ │ │ │ └── tslib 2.8.1
  │ │ │ └── tslib 2.8.1
  │ │ ├─┬ @azure/core-tracing 1.3.1
  │ │ │ └── tslib 2.8.1
  │ │ ├─┬ @azure/core-util 1.13.1
  │ │ │ ├─┬ @azure/abort-controller 2.1.2
  │ │ │ │ └── tslib 2.8.1
  │ │ │ ├─┬ @typespec/ts-http-runtime 0.3.2
  │ │ │ │ ├─┬ http-proxy-agent 7.0.2
  │ │ │ │ │ ├── agent-base 7.1.4
  │ │ │ │ │ └─┬ debug 4.4.3
  │ │ │ │ │   └── ms 2.1.3
  │ │ │ │ ├─┬ https-proxy-agent 7.0.6
  │ │ │ │ │ ├── agent-base 7.1.4
  │ │ │ │ │ └─┬ debug 4.4.3
  │ │ │ │ │   └── ms 2.1.3
  │ │ │ │ └── tslib 2.8.1
  │ │ │ └── tslib 2.8.1
  │ │ ├─┬ @azure/logger 1.3.0
  │ │ │ ├─┬ @typespec/ts-http-runtime 0.3.2
  │ │ │ │ ├─┬ http-proxy-agent 7.0.2
  │ │ │ │ │ ├── agent-base 7.1.4
  │ │ │ │ │ └─┬ debug 4.4.3
  │ │ │ │ │   └── ms 2.1.3
  │ │ │ │ ├─┬ https-proxy-agent 7.0.6
  │ │ │ │ │ ├── agent-base 7.1.4
  │ │ │ │ │ └─┬ debug 4.4.3
  │ │ │ │ │   └── ms 2.1.3
  │ │ │ │ └── tslib 2.8.1
  │ │ │ └── tslib 2.8.1
  │ │ ├─┬ @typespec/ts-http-runtime 0.3.2
  │ │ │ ├─┬ http-proxy-agent 7.0.2
  │ │ │ │ ├── agent-base 7.1.4
  │ │ │ │ └─┬ debug 4.4.3
  │ │ │ │   └── ms 2.1.3
  │ │ │ ├─┬ https-proxy-agent 7.0.6
  │ │ │ │ ├── agent-base 7.1.4
  │ │ │ │ └─┬ debug 4.4.3
  │ │ │ │   └── ms 2.1.3
  │ │ │ └── tslib 2.8.1
  │ │ └── tslib 2.8.1
  │ ├─┬ @azure/core-tracing 1.3.1
  │ │ └── tslib 2.8.1
  │ ├─┬ @azure/core-util 1.13.1
  │ │ ├─┬ @azure/abort-controller 2.1.2
  │ │ │ └── tslib 2.8.1
  │ │ ├─┬ @typespec/ts-http-runtime 0.3.2
  │ │ │ ├─┬ http-proxy-agent 7.0.2
  │ │ │ │ ├── agent-base 7.1.4
  │ │ │ │ └─┬ debug 4.4.3
  │ │ │ │   └── ms 2.1.3
  │ │ │ ├─┬ https-proxy-agent 7.0.6
  │ │ │ │ ├── agent-base 7.1.4
  │ │ │ │ └─┬ debug 4.4.3
  │ │ │ │   └── ms 2.1.3
  │ │ │ └── tslib 2.8.1
  │ │ └── tslib 2.8.1
  │ ├─┬ @azure/keyvault-common 2.0.0
  │ │ ├─┬ @azure/abort-controller 2.1.2
  │ │ │ └── tslib 2.8.1
  │ │ ├─┬ @azure/core-auth 1.10.1
  │ │ │ ├─┬ @azure/abort-controller 2.1.2
  │ │ │ │ └── tslib 2.8.1
  │ │ │ ├─┬ @azure/core-util 1.13.1
  │ │ │ │ ├─┬ @azure/abort-controller 2.1.2
  │ │ │ │ │ └── tslib 2.8.1
  │ │ │ │ ├─┬ @typespec/ts-http-runtime 0.3.2
  │ │ │ │ │ ├─┬ http-proxy-agent 7.0.2
  │ │ │ │ │ │ ├── agent-base 7.1.4
  │ │ │ │ │ │ └─┬ debug 4.4.3
  │ │ │ │ │ │   └── ms 2.1.3
  │ │ │ │ │ ├─┬ https-proxy-agent 7.0.6
  │ │ │ │ │ │ ├── agent-base 7.1.4
  │ │ │ │ │ │ └─┬ debug 4.4.3
  │ │ │ │ │ │   └── ms 2.1.3
  │ │ │ │ │ └── tslib 2.8.1
  │ │ │ │ └── tslib 2.8.1
  │ │ │ └── tslib 2.8.1
  │ │ ├─┬ @azure/core-client 1.10.1
  │ │ │ ├─┬ @azure/abort-controller 2.1.2
  │ │ │ │ └── tslib 2.8.1
  │ │ │ ├─┬ @azure/core-auth 1.10.1
  │ │ │ │ ├─┬ @azure/abort-controller 2.1.2
  │ │ │ │ │ └── tslib 2.8.1
  │ │ │ │ ├─┬ @azure/core-util 1.13.1
  │ │ │ │ │ ├─┬ @azure/abort-controller 2.1.2
  │ │ │ │ │ │ └── tslib 2.8.1
  │ │ │ │ │ ├─┬ @typespec/ts-http-runtime 0.3.2
  │ │ │ │ │ │ ├─┬ http-proxy-agent 7.0.2
  │ │ │ │ │ │ │ ├── agent-base 7.1.4
  │ │ │ │ │ │ │ └─┬ debug 4.4.3
  │ │ │ │ │ │ │   └── ms 2.1.3
  │ │ │ │ │ │ ├─┬ https-proxy-agent 7.0.6
  │ │ │ │ │ │ │ ├── agent-base 7.1.4
  │ │ │ │ │ │ │ └─┬ debug 4.4.3
  │ │ │ │ │ │ │   └── ms 2.1.3
  │ │ │ │ │ │ └── tslib 2.8.1
  │ │ │ │ │ └── tslib 2.8.1
  │ │ │ │ └── tslib 2.8.1
  │ │ │ ├─┬ @azure/core-rest-pipeline 1.22.2
  │ │ │ │ ├─┬ @azure/abort-controller 2.1.2
  │ │ │ │ │ └── tslib 2.8.1
  │ │ │ │ ├─┬ @azure/core-auth 1.10.1
  │ │ │ │ │ ├─┬ @azure/abort-controller 2.1.2
  │ │ │ │ │ │ └── tslib 2.8.1
  │ │ │ │ │ ├─┬ @azure/core-util 1.13.1
  │ │ │ │ │ │ ├─┬ @azure/abort-controller 2.1.2
  │ │ │ │ │ │ │ └── tslib 2.8.1
  │ │ │ │ │ │ ├─┬ @typespec/ts-http-runtime 0.3.2
  │ │ │ │ │ │ │ ├─┬ http-proxy-agent 7.0.2
  │ │ │ │ │ │ │ │ ├── agent-base 7.1.4
  │ │ │ │ │ │ │ │ └─┬ debug 4.4.3
  │ │ │ │ │ │ │ │   └── ms 2.1.3
  │ │ │ │ │ │ │ ├─┬ https-proxy-agent 7.0.6
  │ │ │ │ │ │ │ │ ├── agent-base 7.1.4
  │ │ │ │ │ │ │ │ └─┬ debug 4.4.3
  │ │ │ │ │ │ │ │   └── ms 2.1.3
  │ │ │ │ │ │ │ └── tslib 2.8.1
  │ │ │ │ │ │ └── tslib 2.8.1
  │ │ │ │ │ └── tslib 2.8.1
  │ │ │ │ ├─┬ @azure/core-tracing 1.3.1
  │ │ │ │ │ └── tslib 2.8.1
  │ │ │ │ ├─┬ @azure/core-util 1.13.1
  │ │ │ │ │ ├─┬ @azure/abort-controller 2.1.2
  │ │ │ │ │ │ └── tslib 2.8.1
  │ │ │ │ │ ├─┬ @typespec/ts-http-runtime 0.3.2
  │ │ │ │ │ │ ├─┬ http-proxy-agent 7.0.2
  │ │ │ │ │ │ │ ├── agent-base 7.1.4
  │ │ │ │ │ │ │ └─┬ debug 4.4.3
  │ │ │ │ │ │ │   └── ms 2.1.3
  │ │ │ │ │ │ ├─┬ https-proxy-agent 7.0.6
  │ │ │ │ │ │ │ ├── agent-base 7.1.4
  │ │ │ │ │ │ │ └─┬ debug 4.4.3
  │ │ │ │ │ │ │   └── ms 2.1.3
  │ │ │ │ │ │ └── tslib 2.8.1
  │ │ │ │ │ └── tslib 2.8.1
  │ │ │ │ ├─┬ @azure/logger 1.3.0
  │ │ │ │ │ ├─┬ @typespec/ts-http-runtime 0.3.2
  │ │ │ │ │ │ ├─┬ http-proxy-agent 7.0.2
  │ │ │ │ │ │ │ ├── agent-base 7.1.4
  │ │ │ │ │ │ │ └─┬ debug 4.4.3
  │ │ │ │ │ │ │   └── ms 2.1.3
  │ │ │ │ │ │ ├─┬ https-proxy-agent 7.0.6
  │ │ │ │ │ │ │ ├── agent-base 7.1.4
  │ │ │ │ │ │ │ └─┬ debug 4.4.3
  │ │ │ │ │ │ │   └── ms 2.1.3
  │ │ │ │ │ │ └── tslib 2.8.1
  │ │ │ │ │ └── tslib 2.8.1
  │ │ │ │ ├─┬ @typespec/ts-http-runtime 0.3.2
  │ │ │ │ │ ├─┬ http-proxy-agent 7.0.2
  │ │ │ │ │ │ ├── agent-base 7.1.4
  │ │ │ │ │ │ └─┬ debug 4.4.3
  │ │ │ │ │ │   └── ms 2.1.3
  │ │ │ │ │ ├─┬ https-proxy-agent 7.0.6
  │ │ │ │ │ │ ├── agent-base 7.1.4
  │ │ │ │ │ │ └─┬ debug 4.4.3
  │ │ │ │ │ │   └── ms 2.1.3
  │ │ │ │ │ └── tslib 2.8.1
  │ │ │ │ └── tslib 2.8.1
  │ │ │ ├─┬ @azure/core-tracing 1.3.1
  │ │ │ │ └── tslib 2.8.1
  │ │ │ ├─┬ @azure/core-util 1.13.1
  │ │ │ │ ├─┬ @azure/abort-controller 2.1.2
  │ │ │ │ │ └── tslib 2.8.1
  │ │ │ │ ├─┬ @typespec/ts-http-runtime 0.3.2
  │ │ │ │ │ ├─┬ http-proxy-agent 7.0.2
  │ │ │ │ │ │ ├── agent-base 7.1.4
  │ │ │ │ │ │ └─┬ debug 4.4.3
  │ │ │ │ │ │   └── ms 2.1.3
  │ │ │ │ │ ├─┬ https-proxy-agent 7.0.6
  │ │ │ │ │ │ ├── agent-base 7.1.4
  │ │ │ │ │ │ └─┬ debug 4.4.3
  │ │ │ │ │ │   └── ms 2.1.3
  │ │ │ │ │ └── tslib 2.8.1
  │ │ │ │ └── tslib 2.8.1
  │ │ │ ├─┬ @azure/logger 1.3.0
  │ │ │ │ ├─┬ @typespec/ts-http-runtime 0.3.2
  │ │ │ │ │ ├─┬ http-proxy-agent 7.0.2
  │ │ │ │ │ │ ├── agent-base 7.1.4
  │ │ │ │ │ │ └─┬ debug 4.4.3
  │ │ │ │ │ │   └── ms 2.1.3
  │ │ │ │ │ ├─┬ https-proxy-agent 7.0.6
  │ │ │ │ │ │ ├── agent-base 7.1.4
  │ │ │ │ │ │ └─┬ debug 4.4.3
  │ │ │ │ │ │   └── ms 2.1.3
  │ │ │ │ │ └── tslib 2.8.1
  │ │ │ │ └── tslib 2.8.1
  │ │ │ └── tslib 2.8.1
  │ │ ├─┬ @azure/core-rest-pipeline 1.22.2
  │ │ │ ├─┬ @azure/abort-controller 2.1.2
  │ │ │ │ └── tslib 2.8.1
  │ │ │ ├─┬ @azure/core-auth 1.10.1
  │ │ │ │ ├─┬ @azure/abort-controller 2.1.2
  │ │ │ │ │ └── tslib 2.8.1
  │ │ │ │ ├─┬ @azure/core-util 1.13.1
  │ │ │ │ │ ├─┬ @azure/abort-controller 2.1.2
  │ │ │ │ │ │ └── tslib 2.8.1
  │ │ │ │ │ ├─┬ @typespec/ts-http-runtime 0.3.2
  │ │ │ │ │ │ ├─┬ http-proxy-agent 7.0.2
  │ │ │ │ │ │ │ ├── agent-base 7.1.4
  │ │ │ │ │ │ │ └─┬ debug 4.4.3
  │ │ │ │ │ │ │   └── ms 2.1.3
  │ │ │ │ │ │ ├─┬ https-proxy-agent 7.0.6
  │ │ │ │ │ │ │ ├── agent-base 7.1.4
  │ │ │ │ │ │ │ └─┬ debug 4.4.3
  │ │ │ │ │ │ │   └── ms 2.1.3
  │ │ │ │ │ │ └── tslib 2.8.1
  │ │ │ │ │ └── tslib 2.8.1
  │ │ │ │ └── tslib 2.8.1
  │ │ │ ├─┬ @azure/core-tracing 1.3.1
  │ │ │ │ └── tslib 2.8.1
  │ │ │ ├─┬ @azure/core-util 1.13.1
  │ │ │ │ ├─┬ @azure/abort-controller 2.1.2
  │ │ │ │ │ └── tslib 2.8.1
  │ │ │ │ ├─┬ @typespec/ts-http-runtime 0.3.2
  │ │ │ │ │ ├─┬ http-proxy-agent 7.0.2
  │ │ │ │ │ │ ├── agent-base 7.1.4
  │ │ │ │ │ │ └─┬ debug 4.4.3
  │ │ │ │ │ │   └── ms 2.1.3
  │ │ │ │ │ ├─┬ https-proxy-agent 7.0.6
  │ │ │ │ │ │ ├── agent-base 7.1.4
  │ │ │ │ │ │ └─┬ debug 4.4.3
  │ │ │ │ │ │   └── ms 2.1.3
  │ │ │ │ │ └── tslib 2.8.1
  │ │ │ │ └── tslib 2.8.1
  │ │ │ ├─┬ @azure/logger 1.3.0
  │ │ │ │ ├─┬ @typespec/ts-http-runtime 0.3.2
  │ │ │ │ │ ├─┬ http-proxy-agent 7.0.2
  │ │ │ │ │ │ ├── agent-base 7.1.4
  │ │ │ │ │ │ └─┬ debug 4.4.3
  │ │ │ │ │ │   └── ms 2.1.3
  │ │ │ │ │ ├─┬ https-proxy-agent 7.0.6
  │ │ │ │ │ │ ├── agent-base 7.1.4
  │ │ │ │ │ │ └─┬ debug 4.4.3
  │ │ │ │ │ │   └── ms 2.1.3
  │ │ │ │ │ └── tslib 2.8.1
  │ │ │ │ └── tslib 2.8.1
  │ │ │ ├─┬ @typespec/ts-http-runtime 0.3.2
  │ │ │ │ ├─┬ http-proxy-agent 7.0.2
  │ │ │ │ │ ├── agent-base 7.1.4
  │ │ │ │ │ └─┬ debug 4.4.3
  │ │ │ │ │   └── ms 2.1.3
  │ │ │ │ ├─┬ https-proxy-agent 7.0.6
  │ │ │ │ │ ├── agent-base 7.1.4
  │ │ │ │ │ └─┬ debug 4.4.3
  │ │ │ │ │   └── ms 2.1.3
  │ │ │ │ └── tslib 2.8.1
  │ │ │ └── tslib 2.8.1
  │ │ ├─┬ @azure/core-tracing 1.3.1
  │ │ │ └── tslib 2.8.1
  │ │ ├─┬ @azure/core-util 1.13.1
  │ │ │ ├─┬ @azure/abort-controller 2.1.2
  │ │ │ │ └── tslib 2.8.1
  │ │ │ ├─┬ @typespec/ts-http-runtime 0.3.2
  │ │ │ │ ├─┬ http-proxy-agent 7.0.2
  │ │ │ │ │ ├── agent-base 7.1.4
  │ │ │ │ │ └─┬ debug 4.4.3
  │ │ │ │ │   └── ms 2.1.3
  │ │ │ │ ├─┬ https-proxy-agent 7.0.6
  │ │ │ │ │ ├── agent-base 7.1.4
  │ │ │ │ │ └─┬ debug 4.4.3
  │ │ │ │ │   └── ms 2.1.3
  │ │ │ │ └── tslib 2.8.1
  │ │ │ └── tslib 2.8.1
  │ │ ├─┬ @azure/logger 1.3.0
  │ │ │ ├─┬ @typespec/ts-http-runtime 0.3.2
  │ │ │ │ ├─┬ http-proxy-agent 7.0.2
  │ │ │ │ │ ├── agent-base 7.1.4
  │ │ │ │ │ └─┬ debug 4.4.3
  │ │ │ │ │   └── ms 2.1.3
  │ │ │ │ ├─┬ https-proxy-agent 7.0.6
  │ │ │ │ │ ├── agent-base 7.1.4
  │ │ │ │ │ └─┬ debug 4.4.3
  │ │ │ │ │   └── ms 2.1.3
  │ │ │ │ └── tslib 2.8.1
  │ │ │ └── tslib 2.8.1
  │ │ └── tslib 2.8.1
  │ ├─┬ @azure/logger 1.3.0
  │ │ ├─┬ @typespec/ts-http-runtime 0.3.2
  │ │ │ ├─┬ http-proxy-agent 7.0.2
  │ │ │ │ ├── agent-base 7.1.4
  │ │ │ │ └─┬ debug 4.4.3
  │ │ │ │   └── ms 2.1.3
  │ │ │ ├─┬ https-proxy-agent 7.0.6
  │ │ │ │ ├── agent-base 7.1.4
  │ │ │ │ └─┬ debug 4.4.3
  │ │ │ │   └── ms 2.1.3
  │ │ │ └── tslib 2.8.1
  │ │ └── tslib 2.8.1
  │ └── tslib 2.8.1
  ├─┬ @azure/ms-rest-nodeauth 3.1.1
  │ ├── @azure/ms-rest-azure-env 2.0.0
  │ ├─┬ @azure/ms-rest-js 2.7.0
  │ │ ├─┬ @azure/core-auth 1.10.1
  │ │ │ ├─┬ @azure/abort-controller 2.1.2
  │ │ │ │ └── tslib 2.8.1
  │ │ │ ├─┬ @azure/core-util 1.13.1
  │ │ │ │ ├─┬ @azure/abort-controller 2.1.2
  │ │ │ │ │ └── tslib 2.8.1
  │ │ │ │ ├─┬ @typespec/ts-http-runtime 0.3.2
  │ │ │ │ │ ├─┬ http-proxy-agent 7.0.2
  │ │ │ │ │ │ ├── agent-base 7.1.4
  │ │ │ │ │ │ └─┬ debug 4.4.3
  │ │ │ │ │ │   └── ms 2.1.3
  │ │ │ │ │ ├─┬ https-proxy-agent 7.0.6
  │ │ │ │ │ │ ├── agent-base 7.1.4
  │ │ │ │ │ │ └─┬ debug 4.4.3
  │ │ │ │ │ │   └── ms 2.1.3
  │ │ │ │ │ └── tslib 2.8.1
  │ │ │ │ └── tslib 2.8.1
  │ │ │ └── tslib 2.8.1
  │ │ ├─┬ abort-controller 3.0.0
  │ │ │ └── event-target-shim 5.0.1
  │ │ ├─┬ form-data 2.5.5
  │ │ │ ├── asynckit 0.4.0
  │ │ │ ├─┬ combined-stream 1.0.8
  │ │ │ │ └── delayed-stream 1.0.0
  │ │ │ ├─┬ es-set-tostringtag 2.1.0
  │ │ │ │ ├── es-errors 1.3.0
  │ │ │ │ ├─┬ get-intrinsic 1.3.0
  │ │ │ │ │ ├─┬ call-bind-apply-helpers 1.0.2
  │ │ │ │ │ │ ├── es-errors 1.3.0
  │ │ │ │ │ │ └── function-bind 1.1.2
  │ │ │ │ │ ├── es-define-property 1.0.1
  │ │ │ │ │ ├── es-errors 1.3.0
  │ │ │ │ │ ├─┬ es-object-atoms 1.1.1
  │ │ │ │ │ │ └── es-errors 1.3.0
  │ │ │ │ │ ├── function-bind 1.1.2
  │ │ │ │ │ ├─┬ get-proto 1.0.1
  │ │ │ │ │ │ ├─┬ dunder-proto 1.0.1
  │ │ │ │ │ │ │ ├─┬ call-bind-apply-helpers 1.0.2
  │ │ │ │ │ │ │ │ ├── es-errors 1.3.0
  │ │ │ │ │ │ │ │ └── function-bind 1.1.2
  │ │ │ │ │ │ │ ├── es-errors 1.3.0
  │ │ │ │ │ │ │ └── gopd 1.2.0
  │ │ │ │ │ │ └─┬ es-object-atoms 1.1.1
  │ │ │ │ │ │   └── es-errors 1.3.0
  │ │ │ │ │ ├── gopd 1.2.0
  │ │ │ │ │ ├── has-symbols 1.1.0
  │ │ │ │ │ ├─┬ hasown 2.0.2
  │ │ │ │ │ │ └── function-bind 1.1.2
  │ │ │ │ │ └── math-intrinsics 1.1.0
  │ │ │ │ ├─┬ has-tostringtag 1.0.2
  │ │ │ │ │ └── has-symbols 1.1.0
  │ │ │ │ └─┬ hasown 2.0.2
  │ │ │ │   └── function-bind 1.1.2
  │ │ │ ├─┬ hasown 2.0.2
  │ │ │ │ └── function-bind 1.1.2
  │ │ │ ├─┬ mime-types 2.1.35
  │ │ │ │ └── mime-db 1.52.0
  │ │ │ └── safe-buffer 5.2.1
  │ │ ├─┬ node-fetch 2.7.0
  │ │ │ └─┬ whatwg-url 5.0.0
  │ │ │   ├── tr46 0.0.3
  │ │ │   └── webidl-conversions 3.0.1
  │ │ ├── tslib 1.14.1
  │ │ ├── tunnel 0.0.6
  │ │ ├── uuid 8.3.2
  │ │ └─┬ xml2js 0.5.0
  │ │   ├── sax 1.4.4
  │ │   └── xmlbuilder 11.0.1
  │ └─┬ adal-node 0.2.4
  │   ├── @xmldom/xmldom 0.8.11
  │   ├─┬ async 2.6.4
  │   │ └── lodash 4.17.21
  │   ├─┬ axios 0.21.4
  │   │ └─┬ follow-redirects 1.15.11
  │   │   └─┬ debug 4.4.3 peer
  │   │     └── ms 2.1.3
  │   ├── date-utils 1.2.21
  │   ├─┬ jws 3.2.3
  │   │ ├─┬ jwa 1.4.2
  │   │ │ ├── buffer-equal-constant-time 1.0.1
  │   │ │ ├─┬ ecdsa-sig-formatter 1.0.11
  │   │ │ │ └── safe-buffer 5.2.1
  │   │ │ └── safe-buffer 5.2.1
  │   │ └── safe-buffer 5.2.1
  │   ├── underscore 1.13.7
  │   ├── uuid 3.4.0
  │   └── xpath.js 1.1.0
  ├── @js-joda/core 3.2.0
  ├─┬ adal-node 0.2.4
  │ ├── @xmldom/xmldom 0.8.11
  │ ├─┬ async 2.6.4
  │ │ └── lodash 4.17.21
  │ ├─┬ axios 0.21.4
  │ │ └─┬ follow-redirects 1.15.11
  │ │   └─┬ debug 4.4.3 peer
  │ │     └── ms 2.1.3
  │ ├── date-utils 1.2.21
  │ ├─┬ jws 3.2.3
  │ │ ├─┬ jwa 1.4.2
  │ │ │ ├── buffer-equal-constant-time 1.0.1
  │ │ │ ├─┬ ecdsa-sig-formatter 1.0.11
  │ │ │ │ └── safe-buffer 5.2.1
  │ │ │ └── safe-buffer 5.2.1
  │ │ └── safe-buffer 5.2.1
  │ ├── underscore 1.13.7
  │ ├── uuid 3.4.0
  │ └── xpath.js 1.1.0
  ├─┬ bl 5.1.0
  │ ├─┬ buffer 6.0.3
  │ │ ├── base64-js 1.5.1
  │ │ └── ieee754 1.2.1
  │ ├── inherits 2.0.4
  │ └─┬ readable-stream 3.6.2
  │   ├── inherits 2.0.4
  │   ├─┬ string_decoder 1.3.0
  │   │ └── safe-buffer 5.2.1
  │   └── util-deprecate 1.0.2
  ├── depd 2.0.0
  ├─┬ iconv-lite 0.6.3
  │ └── safer-buffer 2.1.2
  ├── jsbi 3.2.5
  ├── native-duplexpair 1.0.0
  ├── node-abort-controller 2.0.0
  ├── punycode 2.3.1
  └── sprintf-js 1.1.3
